<?xml version="1.0" encoding="UTF-8"?>
<!-- Generated by org.testng.reporters.JUnitReportReporter -->
<testsuite hostname="LAPTOP-PSK043T1" failures="0" tests="1" name="A_Basic.TestUI01" time="20.577" errors="0" timestamp="2023-08-10T14:09:13 CST" skipped="0">
  <testcase classname="A_Basic.TestUI01" name="test" time="20.577"/>
  <system-out/>
</testsuite> <!-- A_Basic.TestUI01 -->
